<?xml version="1.0" encoding="UTF-8"?>
<!-- Generated by org.testng.reporters.JUnitReportReporter -->
<testsuite hostname="DESKTOP-F55OVVE" failures="0" tests="12" name="com.TestCases.HomePageTest" time="234.196" errors="0" timestamp="2023-02-13T12:30:53 IST" skipped="0">
  <testcase classname="com.TestCases.HomePageTest" name="homePage_CurrentUrl_ValidationTest" time="15.375"/>
  <system-out/>
  <testcase classname="com.TestCases.HomePageTest" name="homePage_OrangeHRMLogo_ValidationTest" time="19.392"/>
  <system-out/>
  <testcase classname="com.TestCases.HomePageTest" name="homePage_Admin_ValidationTest" time="15.660"/>
  <system-out/>
  <testcase classname="com.TestCases.HomePageTest" name="homePage_PIM_ValidationTest" time="20.162"/>
  <system-out/>
  <testcase classname="com.TestCases.HomePageTest" name="homePage_Leave_ValidationTest" time="21.501"/>
  <system-out/>
  <testcase classname="com.TestCases.HomePageTest" name="homePage_DashboardValidationTest" time="17.883"/>
  <system-out/>
  <testcase classname="com.TestCases.HomePageTest" name="homePage_CurrentActivePage_ValidationTest" time="36.781"/>
  <system-out/>
  <testcase classname="com.TestCases.HomePageTest" name="homePage_UserProfilePhoto_ValidationTest" time="16.331"/>
  <system-out/>
  <testcase classname="com.TestCases.HomePageTest" name="homePage_LoggedInUserName_ValidationTest" time="18.010"/>
  <system-out/>
  <testcase classname="com.TestCases.HomePageTest" name="homePage_UserDropDownAbout_ValidationTest" time="19.530"/>
  <system-out/>
  <testcase classname="com.TestCases.HomePageTest" name="homePage_UserDropDownSupport_ValidationTest" time="17.071"/>
  <system-out/>
  <testcase classname="com.TestCases.HomePageTest" name="homePage_MenuSearchEngineActive_ValidationTest" time="16.500"/>
  <system-out/>
</testsuite> <!-- com.TestCases.HomePageTest -->
