<?xml version="1.0" encoding="UTF-8"?>
<!-- Generated by org.testng.reporters.JUnitReportReporter -->
<testsuite hostname="DESKTOP-F55OVVE" failures="0" tests="1" name="com.TestCases.PIMAddEmployeeTest" time="123.326" errors="0" timestamp="2023-02-09T17:56:35 IST" skipped="0">
  <testcase classname="com.TestCases.PIMAddEmployeeTest" name="addEmployee_CreateEmployee_Test" time="123.326"/>
  <system-out/>
</testsuite> <!-- com.TestCases.PIMAddEmployeeTest -->
