<?xml version="1.0" encoding="UTF-8"?>
<!-- Generated by org.testng.reporters.JUnitReportReporter -->
<testsuite hostname="DESKTOP-F55OVVE" failures="0" tests="4" name="com.TestCases.LoginPageTest" time="3.403" errors="0" timestamp="2023-02-08T13:57:29 IST" skipped="0">
  <testcase classname="com.TestCases.LoginPageTest" name="loginPage_Title_Test" time="0.057"/>
  <system-out/>
  <testcase classname="com.TestCases.LoginPageTest" name="loginPage_CurrentUrl_Test" time="0.032"/>
  <system-out/>
  <testcase classname="com.TestCases.LoginPageTest" name="loginPage_OrangeHRMLogoTest" time="1.442"/>
  <system-out/>
  <testcase classname="com.TestCases.LoginPageTest" name="loginPage_Login" time="1.872"/>
  <system-out/>
</testsuite> <!-- com.TestCases.LoginPageTest -->
