<?xml version="1.0" encoding="UTF-8"?>
<!-- Generated by org.testng.reporters.JUnitReportReporter -->
<testsuite hostname="DESKTOP-F55OVVE" failures="0" tests="4" name="com.TestCases.ResetPasswordTest" time="41.761" errors="0" timestamp="2023-02-09T15:23:15 IST" skipped="0">
  <testcase classname="com.TestCases.ResetPasswordTest" name="resetPasswordPage_ResetPasswordTextTest" time="9.109"/>
  <system-out/>
  <testcase classname="com.TestCases.ResetPasswordTest" name="resetPasswordPage_CurrentUrlTest" time="9.187"/>
  <system-out/>
  <testcase classname="com.TestCases.ResetPasswordTest" name="resetPasswordPage_EnterUserName_CancelTest" time="12.789"/>
  <system-out/>
  <testcase classname="com.TestCases.ResetPasswordTest" name="resetPasswordPage_EnterUserName_ResetPasswordTest" time="10.676"/>
  <system-out/>
</testsuite> <!-- com.TestCases.ResetPasswordTest -->
