<?xml version="1.0" encoding="UTF-8"?>
<!-- Generated by org.testng.reporters.JUnitReportReporter -->
<testsuite hostname="DESKTOP-F55OVVE" failures="0" tests="2" name="com.TestCases.SendPasswordResetPageTest" time="24.730" errors="0" timestamp="2023-02-09T15:23:15 IST" skipped="0">
  <testcase classname="com.TestCases.SendPasswordResetPageTest" name="sendPasswordResetPageCurrentUrlTest" time="10.894"/>
  <system-out/>
  <testcase classname="com.TestCases.SendPasswordResetPageTest" name="sendPasswordRestTest" time="13.836"/>
  <system-out/>
</testsuite> <!-- com.TestCases.SendPasswordResetPageTest -->
