<?xml version="1.0" encoding="UTF-8"?>
<!-- Generated by org.testng.reporters.JUnitReportReporter -->
<testsuite hostname="DESKTOP-F55OVVE" failures="0" tests="2" name="com.TestCases.SendPasswordResetPageTest" time="27.103" errors="0" timestamp="2023-02-13T12:30:53 IST" skipped="0">
  <testcase classname="com.TestCases.SendPasswordResetPageTest" name="sendPasswordResetPageCurrentUrlTest" time="11.553"/>
  <system-out/>
  <testcase classname="com.TestCases.SendPasswordResetPageTest" name="sendPasswordRestTest" time="15.550"/>
  <system-out/>
</testsuite> <!-- com.TestCases.SendPasswordResetPageTest -->
