<?xml version="1.0" encoding="UTF-8"?>
<!-- Generated by org.testng.reporters.JUnitReportReporter -->
<testsuite hostname="DESKTOP-F55OVVE" failures="0" tests="4" name="com.TestCases.LoginPageTest" time="38.296" errors="0" timestamp="2023-02-08T17:51:28 IST" skipped="0">
  <testcase classname="com.TestCases.LoginPageTest" name="loginPage_Title_Test" time="8.587"/>
  <system-out/>
  <testcase classname="com.TestCases.LoginPageTest" name="loginPage_CurrentUrl_Test" time="9.703"/>
  <system-out/>
  <testcase classname="com.TestCases.LoginPageTest" name="loginPage_OrangeHRMLogoTest" time="7.534"/>
  <system-out/>
  <testcase classname="com.TestCases.LoginPageTest" name="loginPage_LoginTest" time="12.472"/>
  <system-out/>
</testsuite> <!-- com.TestCases.LoginPageTest -->
