<?xml version="1.0" encoding="UTF-8"?>
<!-- Generated by org.testng.reporters.JUnitReportReporter -->
<testsuite hostname="DESKTOP-F55OVVE" failures="0" tests="4" name="com.TestCases.ResetPasswordTest" time="44.164" errors="0" timestamp="2023-02-08T17:51:28 IST" skipped="0">
  <testcase classname="com.TestCases.ResetPasswordTest" name="resetPasswordPage_ResetPasswordTextTest" time="10.428"/>
  <system-out/>
  <testcase classname="com.TestCases.ResetPasswordTest" name="resetPasswordPage_CurrentUrlTest" time="11.999"/>
  <system-out/>
  <testcase classname="com.TestCases.ResetPasswordTest" name="resetPasswordPage_EnterUserName_CancelTest" time="12.577"/>
  <system-out/>
  <testcase classname="com.TestCases.ResetPasswordTest" name="resetPasswordPage_EnterUserName_ResetPasswordTest" time="9.160"/>
  <system-out/>
</testsuite> <!-- com.TestCases.ResetPasswordTest -->
