<?xml version="1.0" encoding="UTF-8"?>
<!-- Generated by org.testng.reporters.JUnitReportReporter -->
<testsuite hostname="DESKTOP-F55OVVE" failures="0" tests="2" name="com.TestCases.SendPasswordResetPageTest" time="24.363" errors="0" timestamp="2023-02-08T17:51:28 IST" skipped="0">
  <testcase classname="com.TestCases.SendPasswordResetPageTest" name="sendPasswordResetPageCurrentUrlTest" time="13.008"/>
  <system-out/>
  <testcase classname="com.TestCases.SendPasswordResetPageTest" name="sendPasswordRestTest" time="11.355"/>
  <system-out/>
</testsuite> <!-- com.TestCases.SendPasswordResetPageTest -->
