<?xml version="1.0" encoding="UTF-8"?>
<!-- Generated by org.testng.reporters.JUnitReportReporter -->
<testsuite hostname="DESKTOP-F55OVVE" failures="0" tests="5" name="com.TestCases.LoginPageTest" time="45.038" errors="0" timestamp="2023-02-09T16:34:25 IST" skipped="0">
  <testcase classname="com.TestCases.LoginPageTest" name="loginPage_Title_Test" time="6.267"/>
  <system-out/>
  <testcase classname="com.TestCases.LoginPageTest" name="loginPage_CurrentUrl_Test" time="8.100"/>
  <system-out/>
  <testcase classname="com.TestCases.LoginPageTest" name="loginPage_OrangeHRMLogoTest" time="10.559"/>
  <system-out/>
  <testcase classname="com.TestCases.LoginPageTest" name="loginPage_LoginTest" time="10.909"/>
  <system-out/>
  <testcase classname="com.TestCases.LoginPageTest" name="loginPage_loginLabelText_Test" time="9.203"/>
  <system-out/>
</testsuite> <!-- com.TestCases.LoginPageTest -->
