<?xml version="1.0" encoding="UTF-8"?>
<!-- Generated by org.testng.reporters.JUnitReportReporter -->
<testsuite hostname="DESKTOP-F55OVVE" failures="0" tests="6" name="com.TestCases.HomePIMPageTest" time="85.652" errors="0" timestamp="2023-02-09T15:23:15 IST" skipped="0">
  <testcase classname="com.TestCases.HomePIMPageTest" name="pimPage_CurrentURL_Test" time="12.546"/>
  <system-out/>
  <testcase classname="com.TestCases.HomePIMPageTest" name="pimPage_Label_Test" time="12.979"/>
  <system-out/>
  <testcase classname="com.TestCases.HomePIMPageTest" name="pimEmployeeList_Test" time="13.698"/>
  <system-out/>
  <testcase classname="com.TestCases.HomePIMPageTest" name="pimAddEmployeeList_Test" time="13.245"/>
  <system-out/>
  <testcase classname="com.TestCases.HomePIMPageTest" name="pimReports_Test" time="16.609"/>
  <system-out/>
  <testcase classname="com.TestCases.HomePIMPageTest" name="pimConfigurationOptionalFields_Test" time="16.575"/>
  <system-out/>
</testsuite> <!-- com.TestCases.HomePIMPageTest -->
