<?xml version="1.0" encoding="UTF-8"?>
<!-- Generated by org.testng.reporters.JUnitReportReporter -->
<testsuite hostname="DESKTOP-F55OVVE" failures="0" tests="12" name="com.TestCases.HomePageTest" time="233.232" errors="0" timestamp="2023-02-09T12:40:20 IST" skipped="0">
  <testcase classname="com.TestCases.HomePageTest" name="homePage_CurrentUrl_ValidationTest" time="11.867"/>
  <system-out/>
  <testcase classname="com.TestCases.HomePageTest" name="homePage_OrangeHRMLogo_ValidationTest" time="13.401"/>
  <system-out/>
  <testcase classname="com.TestCases.HomePageTest" name="homePage_Admin_ValidationTest" time="16.563"/>
  <system-out/>
  <testcase classname="com.TestCases.HomePageTest" name="homePage_PIM_ValidationTest" time="16.070"/>
  <system-out/>
  <testcase classname="com.TestCases.HomePageTest" name="homePage_Leave_ValidationTest" time="29.836"/>
  <system-out/>
  <testcase classname="com.TestCases.HomePageTest" name="homePage_DashboardValidationTest" time="19.055"/>
  <system-out/>
  <testcase classname="com.TestCases.HomePageTest" name="homePage_CurrentActivePage_ValidationTest" time="26.670"/>
  <system-out/>
  <testcase classname="com.TestCases.HomePageTest" name="homePage_UserProfilePhoto_ValidationTest" time="17.838"/>
  <system-out/>
  <testcase classname="com.TestCases.HomePageTest" name="homePage_LoggedInUserName_ValidationTest" time="18.758"/>
  <system-out/>
  <testcase classname="com.TestCases.HomePageTest" name="homePage_UserDropDownAbout_ValidationTest" time="18.406"/>
  <system-out/>
  <testcase classname="com.TestCases.HomePageTest" name="homePage_UserDropDownSupport_ValidationTest" time="27.070"/>
  <system-out/>
  <testcase classname="com.TestCases.HomePageTest" name="homePage_UserDropDownLogout_ValidationTest" time="17.698"/>
  <system-out/>
</testsuite> <!-- com.TestCases.HomePageTest -->
