<?xml version="1.0" encoding="UTF-8"?>
<!-- Generated by org.testng.reporters.JUnitReportReporter -->
<testsuite hostname="DESKTOP-F55OVVE" failures="0" tests="1" name="com.TestCases.PIMAddEmployeeTest" time="30.439" errors="0" timestamp="2023-02-20T17:07:12 IST" skipped="0">
  <testcase classname="com.TestCases.PIMAddEmployeeTest" name="addEmployee_CreateEmployee_Test" time="30.439"/>
  <system-out/>
</testsuite> <!-- com.TestCases.PIMAddEmployeeTest -->
