<?xml version="1.0" encoding="UTF-8"?>
<!-- Generated by org.testng.reporters.JUnitReportReporter -->
<testsuite hostname="DESKTOP-F55OVVE" failures="0" tests="6" name="com.TestCases.HomePIMPageTest" time="127.543" errors="0" timestamp="2023-02-13T12:30:53 IST" skipped="0">
  <testcase classname="com.TestCases.HomePIMPageTest" name="pimPage_CurrentURL_Test" time="22.288"/>
  <system-out/>
  <testcase classname="com.TestCases.HomePIMPageTest" name="pimPage_Label_Test" time="14.885"/>
  <system-out/>
  <testcase classname="com.TestCases.HomePIMPageTest" name="pimEmployeeList_Test" time="31.803"/>
  <system-out/>
  <testcase classname="com.TestCases.HomePIMPageTest" name="pimAddEmployeeList_Test" time="19.635"/>
  <system-out/>
  <testcase classname="com.TestCases.HomePIMPageTest" name="pimReports_Test" time="18.321"/>
  <system-out/>
  <testcase classname="com.TestCases.HomePIMPageTest" name="pimConfigurationOptionalFields_Test" time="20.611"/>
  <system-out/>
</testsuite> <!-- com.TestCases.HomePIMPageTest -->
