<?xml version="1.0" encoding="UTF-8"?>
<!-- Generated by org.testng.reporters.JUnitReportReporter -->
<testsuite hostname="DESKTOP-F55OVVE" failures="0" tests="4" name="com.TestCases.LoginPageTest" time="84.475" errors="0" timestamp="2023-02-08T18:00:31 IST" skipped="0">
  <testcase classname="com.TestCases.LoginPageTest" name="loginPage_Title_Test" time="29.660"/>
  <system-out/>
  <testcase classname="com.TestCases.LoginPageTest" name="loginPage_CurrentUrl_Test" time="12.498"/>
  <system-out/>
  <testcase classname="com.TestCases.LoginPageTest" name="loginPage_OrangeHRMLogoTest" time="23.566"/>
  <system-out/>
  <testcase classname="com.TestCases.LoginPageTest" name="loginPage_LoginTest" time="18.751"/>
  <system-out/>
</testsuite> <!-- com.TestCases.LoginPageTest -->
