<?xml version="1.0" encoding="UTF-8"?>
<!-- Generated by org.testng.reporters.JUnitReportReporter -->
<testsuite hostname="DESKTOP-F55OVVE" failures="0" tests="5" name="com.TestCases.LoginPageTest" time="74.538" errors="0" timestamp="2023-02-13T12:30:53 IST" skipped="0">
  <testcase classname="com.TestCases.LoginPageTest" name="loginPage_Title_Test" time="10.430"/>
  <system-out/>
  <testcase classname="com.TestCases.LoginPageTest" name="loginPage_CurrentUrl_Test" time="30.988"/>
  <system-out/>
  <testcase classname="com.TestCases.LoginPageTest" name="loginPage_OrangeHRMLogoTest" time="8.169"/>
  <system-out/>
  <testcase classname="com.TestCases.LoginPageTest" name="loginPage_LoginTest" time="13.707"/>
  <system-out/>
  <testcase classname="com.TestCases.LoginPageTest" name="loginPage_loginLabelText_Test" time="11.244"/>
  <system-out/>
</testsuite> <!-- com.TestCases.LoginPageTest -->
