<?xml version="1.0" encoding="UTF-8"?>
<!-- Generated by org.testng.reporters.JUnitReportReporter -->
<testsuite hostname="DESKTOP-F55OVVE" failures="0" tests="4" name="com.TestCases.ResetPasswordTest" time="62.439" errors="0" timestamp="2023-02-08T18:00:31 IST" skipped="0">
  <testcase classname="com.TestCases.ResetPasswordTest" name="resetPasswordPage_ResetPasswordTextTest" time="14.851"/>
  <system-out/>
  <testcase classname="com.TestCases.ResetPasswordTest" name="resetPasswordPage_CurrentUrlTest" time="11.401"/>
  <system-out/>
  <testcase classname="com.TestCases.ResetPasswordTest" name="resetPasswordPage_EnterUserName_CancelTest" time="21.782"/>
  <system-out/>
  <testcase classname="com.TestCases.ResetPasswordTest" name="resetPasswordPage_EnterUserName_ResetPasswordTest" time="14.405"/>
  <system-out/>
</testsuite> <!-- com.TestCases.ResetPasswordTest -->
