<?xml version="1.0" encoding="UTF-8"?>
<!-- Generated by org.testng.reporters.JUnitReportReporter -->
<testsuite hostname="DESKTOP-F55OVVE" failures="0" tests="1" name="com.TestCases.HomePageTest" time="19.492" errors="0" timestamp="2023-02-09T16:49:34 IST" skipped="0">
  <testcase classname="com.TestCases.HomePageTest" name="homePage_PIM_ValidationTest" time="19.492"/>
  <system-out/>
</testsuite> <!-- com.TestCases.HomePageTest -->
