<?xml version="1.0" encoding="UTF-8"?>
<!-- Generated by org.testng.reporters.JUnitReportReporter -->
<testsuite hostname="DESKTOP-F55OVVE" failures="0" tests="4" name="com.TestCases.ResetPasswordTest" time="39.094" errors="0" timestamp="2023-02-13T12:30:53 IST" skipped="0">
  <testcase classname="com.TestCases.ResetPasswordTest" name="resetPasswordPage_ResetPasswordTextTest" time="8.573"/>
  <system-out/>
  <testcase classname="com.TestCases.ResetPasswordTest" name="resetPasswordPage_CurrentUrlTest" time="10.251"/>
  <system-out/>
  <testcase classname="com.TestCases.ResetPasswordTest" name="resetPasswordPage_EnterUserName_CancelTest" time="11.000"/>
  <system-out/>
  <testcase classname="com.TestCases.ResetPasswordTest" name="resetPasswordPage_EnterUserName_ResetPasswordTest" time="9.270"/>
  <system-out/>
</testsuite> <!-- com.TestCases.ResetPasswordTest -->
